[ 2018-04-12T18:17:55+08:00 ] 127.0.0.1 /index.php/Home/test/test_ip.html
INFO: [ app_init ] --START--
INFO: Run Behavior\BuildLiteBehavior [ RunTime:0.000009s ]
INFO: [ app_init ] --END-- [ RunTime:0.000674s ]
INFO: [ app_begin ] --START--
INFO: Run Behavior\ReadHtmlCacheBehavior [ RunTime:0.000698s ]
INFO: [ app_begin ] --END-- [ RunTime:0.000729s ]
INFO: [ view_parse ] --START--
INFO: [ template_filter ] --START--
INFO: Run Behavior\ContentReplaceBehavior [ RunTime:0.000060s ]
INFO: [ template_filter ] --END-- [ RunTime:0.000123s ]
NOTIC: [8] Undefined variable: ipdata D:\phpStudy\WWW\demo\Application\Runtime\Cache\Home\1d9c764a5f9f91b5a4c7d04a80bd49bf.php 第 14 行.
INFO: Run Behavior\ParseTemplateBehavior [ RunTime:0.014126s ]
INFO: [ view_parse ] --END-- [ RunTime:0.014158s ]
INFO: [ view_filter ] --START--
INFO: Run Behavior\WriteHtmlCacheBehavior [ RunTime:0.000418s ]
INFO: [ view_filter ] --END-- [ RunTime:0.000442s ]
INFO: [ app_end ] --START--
INFO: Run Behavior\ShowPageTraceBehavior [ RunTime:0.000743s ]
INFO: [ app_end ] --END-- [ RunTime:0.000783s ]

[ 2018-04-12T18:17:55+08:00 ] 127.0.0.1 /index.php/Home/test/wp-content/uploads/2018/03/222-3.png
INFO: [ app_init ] --START--
INFO: Run Behavior\BuildLiteBehavior [ RunTime:0.000009s ]
INFO: [ app_init ] --END-- [ RunTime:0.000295s ]

